

Started GET "/" for 127.0.0.1 at 2014-09-14 20:43:10 -0400
Processing by Rails::WelcomeController#index as HTML
  Rendered /home/pavan/rubystack-2.0.0-18/ruby/lib/ruby/gems/2.0.0/gems/railties-4.1.5/lib/rails/templates/rails/welcome/index.html.erb (12.2ms)
Completed 200 OK in 134ms (Views: 115.8ms | ActiveRecord: 0.0ms)


Started GET "/" for 127.0.0.1 at 2014-09-14 21:05:14 -0400
Processing by HomeController#index as HTML
  Rendered home/index.html.erb within layouts/application (0.8ms)
Completed 500 Internal Server Error in 988ms

ActionView::Template::Error (couldn't find file 'bootstrap/glyphicons-halflings-regular.eot'
  (in /home/pavan/rubystack-2.0.0-18/projects/receta/vendor/assets/bower_components/bootstrap-sass-official/assets/stylesheets/_bootstrap.scss:1)):
    2: <html>
    3: <head>
    4:   <title>Receta</title>
    5:   <%= stylesheet_link_tag    'application', media: 'all', 'data-turbolinks-track' => true %>
    6:   <%= javascript_include_tag 'application', 'data-turbolinks-track' => true %>
    7:   <%= csrf_meta_tags %>
    8: </head>
  app/views/layouts/application.html.erb:5:in `_app_views_layouts_application_html_erb___1332337255707684869_70003345558260'


  Rendered /home/pavan/rubystack-2.0.0-18/ruby/lib/ruby/gems/2.0.0/gems/actionpack-4.1.5/lib/action_dispatch/middleware/templates/rescues/_trace.html.erb (0.8ms)
  Rendered /home/pavan/rubystack-2.0.0-18/ruby/lib/ruby/gems/2.0.0/gems/actionpack-4.1.5/lib/action_dispatch/middleware/templates/rescues/_request_and_response.html.erb (0.7ms)
  Rendered /home/pavan/rubystack-2.0.0-18/ruby/lib/ruby/gems/2.0.0/gems/actionpack-4.1.5/lib/action_dispatch/middleware/templates/rescues/template_error.html.erb within rescues/layout (19.6ms)


Started GET "/" for 127.0.0.1 at 2014-09-14 21:13:28 -0400
Processing by HomeController#index as HTML
  Rendered home/index.html.erb within layouts/application (2.5ms)
Completed 200 OK in 3636ms (Views: 3626.8ms | ActiveRecord: 0.0ms)


Started GET "/assets/home.css?body=1" for 127.0.0.1 at 2014-09-14 21:13:32 -0400


Started GET "/assets/app.js?body=1" for 127.0.0.1 at 2014-09-14 21:13:32 -0400


Started GET "/assets/angular/angular.js?body=1" for 127.0.0.1 at 2014-09-14 21:13:32 -0400


Started GET "/assets/jquery_ujs.js?body=1" for 127.0.0.1 at 2014-09-14 21:13:32 -0400


Started GET "/assets/jquery.js?body=1" for 127.0.0.1 at 2014-09-14 21:13:32 -0400


Started GET "/assets/application.css?body=1" for 127.0.0.1 at 2014-09-14 21:13:32 -0400


Started GET "/assets/bootstrap-sass-official/assets/stylesheets/_bootstrap.css?body=1" for 127.0.0.1 at 2014-09-14 21:13:32 -0400


Started GET "/assets/home.js?body=1" for 127.0.0.1 at 2014-09-14 21:13:32 -0400


Started GET "/assets/application.js?body=1" for 127.0.0.1 at 2014-09-14 21:13:32 -0400


Started GET "/" for 127.0.0.1 at 2014-09-14 21:14:27 -0400
Processing by HomeController#index as HTML
  Rendered home/index.html.erb within layouts/application (0.0ms)
Completed 200 OK in 58ms (Views: 57.7ms | ActiveRecord: 0.0ms)


Started GET "/assets/home.css?body=1" for 127.0.0.1 at 2014-09-14 21:14:27 -0400


Started GET "/assets/bootstrap-sass-official/assets/stylesheets/_bootstrap.css?body=1" for 127.0.0.1 at 2014-09-14 21:14:27 -0400


Started GET "/assets/application.css?body=1" for 127.0.0.1 at 2014-09-14 21:14:27 -0400


Started GET "/assets/jquery.js?body=1" for 127.0.0.1 at 2014-09-14 21:14:27 -0400


Started GET "/assets/home.js?body=1" for 127.0.0.1 at 2014-09-14 21:14:27 -0400


Started GET "/assets/app.js?body=1" for 127.0.0.1 at 2014-09-14 21:14:27 -0400


Started GET "/assets/angular/angular.js?body=1" for 127.0.0.1 at 2014-09-14 21:14:27 -0400


Started GET "/assets/jquery_ujs.js?body=1" for 127.0.0.1 at 2014-09-14 21:14:27 -0400


Started GET "/assets/application.js?body=1" for 127.0.0.1 at 2014-09-14 21:14:27 -0400


Started GET "/" for 127.0.0.1 at 2014-09-14 21:14:45 -0400
Processing by HomeController#index as HTML
  Rendered home/index.html.erb within layouts/application (0.0ms)
Completed 200 OK in 55ms (Views: 54.7ms | ActiveRecord: 0.0ms)


Started GET "/assets/home.css?body=1" for 127.0.0.1 at 2014-09-14 21:14:45 -0400


Started GET "/assets/bootstrap-sass-official/assets/stylesheets/_bootstrap.css?body=1" for 127.0.0.1 at 2014-09-14 21:14:45 -0400


Started GET "/assets/application.css?body=1" for 127.0.0.1 at 2014-09-14 21:14:45 -0400


Started GET "/assets/jquery.js?body=1" for 127.0.0.1 at 2014-09-14 21:14:45 -0400


Started GET "/assets/jquery_ujs.js?body=1" for 127.0.0.1 at 2014-09-14 21:14:45 -0400


Started GET "/assets/home.js?body=1" for 127.0.0.1 at 2014-09-14 21:14:45 -0400


Started GET "/assets/app.js?body=1" for 127.0.0.1 at 2014-09-14 21:14:45 -0400


Started GET "/assets/angular/angular.js?body=1" for 127.0.0.1 at 2014-09-14 21:14:45 -0400


Started GET "/assets/application.js?body=1" for 127.0.0.1 at 2014-09-14 21:14:45 -0400


Started GET "/" for 127.0.0.1 at 2014-09-15 09:52:46 -0400

PG::ConnectionBad (could not connect to server: Connection refused
	Is the server running on host "localhost" (127.0.0.1) and accepting
	TCP/IP connections on port 5432?
):
  activerecord (4.1.5) lib/active_record/connection_adapters/postgresql_adapter.rb:888:in `initialize'
  activerecord (4.1.5) lib/active_record/connection_adapters/postgresql_adapter.rb:888:in `new'
  activerecord (4.1.5) lib/active_record/connection_adapters/postgresql_adapter.rb:888:in `connect'
  activerecord (4.1.5) lib/active_record/connection_adapters/postgresql_adapter.rb:568:in `initialize'
  activerecord (4.1.5) lib/active_record/connection_adapters/postgresql_adapter.rb:41:in `new'
  activerecord (4.1.5) lib/active_record/connection_adapters/postgresql_adapter.rb:41:in `postgresql_connection'
  activerecord (4.1.5) lib/active_record/connection_adapters/abstract/connection_pool.rb:435:in `new_connection'
  activerecord (4.1.5) lib/active_record/connection_adapters/abstract/connection_pool.rb:445:in `checkout_new_connection'
  activerecord (4.1.5) lib/active_record/connection_adapters/abstract/connection_pool.rb:416:in `acquire_connection'
  activerecord (4.1.5) lib/active_record/connection_adapters/abstract/connection_pool.rb:351:in `block in checkout'
  /home/pavan/rubystack-2.0.0-18/ruby/lib/ruby/2.0.0/monitor.rb:211:in `mon_synchronize'
  activerecord (4.1.5) lib/active_record/connection_adapters/abstract/connection_pool.rb:350:in `checkout'
  activerecord (4.1.5) lib/active_record/connection_adapters/abstract/connection_pool.rb:265:in `block in connection'
  /home/pavan/rubystack-2.0.0-18/ruby/lib/ruby/2.0.0/monitor.rb:211:in `mon_synchronize'
  activerecord (4.1.5) lib/active_record/connection_adapters/abstract/connection_pool.rb:264:in `connection'
  activerecord (4.1.5) lib/active_record/connection_adapters/abstract/connection_pool.rb:541:in `retrieve_connection'
  activerecord (4.1.5) lib/active_record/connection_handling.rb:113:in `retrieve_connection'
  activerecord (4.1.5) lib/active_record/connection_handling.rb:87:in `connection'
  activerecord (4.1.5) lib/active_record/query_cache.rb:51:in `restore_query_cache_settings'
  activerecord (4.1.5) lib/active_record/query_cache.rb:43:in `rescue in call'
  activerecord (4.1.5) lib/active_record/query_cache.rb:32:in `call'
  activerecord (4.1.5) lib/active_record/connection_adapters/abstract/connection_pool.rb:621:in `call'
  activerecord (4.1.5) lib/active_record/migration.rb:380:in `call'
  actionpack (4.1.5) lib/action_dispatch/middleware/callbacks.rb:29:in `block in call'
  activesupport (4.1.5) lib/active_support/callbacks.rb:82:in `run_callbacks'
  actionpack (4.1.5) lib/action_dispatch/middleware/callbacks.rb:27:in `call'
  actionpack (4.1.5) lib/action_dispatch/middleware/reloader.rb:73:in `call'
  actionpack (4.1.5) lib/action_dispatch/middleware/remote_ip.rb:76:in `call'
  actionpack (4.1.5) lib/action_dispatch/middleware/debug_exceptions.rb:17:in `call'
  actionpack (4.1.5) lib/action_dispatch/middleware/show_exceptions.rb:30:in `call'
  railties (4.1.5) lib/rails/rack/logger.rb:38:in `call_app'
  railties (4.1.5) lib/rails/rack/logger.rb:20:in `block in call'
  activesupport (4.1.5) lib/active_support/tagged_logging.rb:68:in `block in tagged'
  activesupport (4.1.5) lib/active_support/tagged_logging.rb:26:in `tagged'
  activesupport (4.1.5) lib/active_support/tagged_logging.rb:68:in `tagged'
  railties (4.1.5) lib/rails/rack/logger.rb:20:in `call'
  actionpack (4.1.5) lib/action_dispatch/middleware/request_id.rb:21:in `call'
  rack (1.5.2) lib/rack/methodoverride.rb:21:in `call'
  rack (1.5.2) lib/rack/runtime.rb:17:in `call'
  activesupport (4.1.5) lib/active_support/cache/strategy/local_cache_middleware.rb:26:in `call'
  rack (1.5.2) lib/rack/lock.rb:17:in `call'
  actionpack (4.1.5) lib/action_dispatch/middleware/static.rb:64:in `call'
  rack (1.5.2) lib/rack/sendfile.rb:112:in `call'
  railties (4.1.5) lib/rails/engine.rb:514:in `call'
  railties (4.1.5) lib/rails/application.rb:144:in `call'
  rack (1.5.2) lib/rack/lock.rb:17:in `call'
  rack (1.5.2) lib/rack/content_length.rb:14:in `call'
  rack (1.5.2) lib/rack/handler/webrick.rb:60:in `service'
  /home/pavan/rubystack-2.0.0-18/ruby/lib/ruby/2.0.0/webrick/httpserver.rb:138:in `service'
  /home/pavan/rubystack-2.0.0-18/ruby/lib/ruby/2.0.0/webrick/httpserver.rb:94:in `run'
  /home/pavan/rubystack-2.0.0-18/ruby/lib/ruby/2.0.0/webrick/server.rb:295:in `block in start_thread'


  Rendered /home/pavan/rubystack-2.0.0-18/ruby/lib/ruby/gems/2.0.0/gems/actionpack-4.1.5/lib/action_dispatch/middleware/templates/rescues/_source.erb (0.4ms)
  Rendered /home/pavan/rubystack-2.0.0-18/ruby/lib/ruby/gems/2.0.0/gems/actionpack-4.1.5/lib/action_dispatch/middleware/templates/rescues/_trace.html.erb (0.6ms)
  Rendered /home/pavan/rubystack-2.0.0-18/ruby/lib/ruby/gems/2.0.0/gems/actionpack-4.1.5/lib/action_dispatch/middleware/templates/rescues/_request_and_response.html.erb (0.6ms)
  Rendered /home/pavan/rubystack-2.0.0-18/ruby/lib/ruby/gems/2.0.0/gems/actionpack-4.1.5/lib/action_dispatch/middleware/templates/rescues/diagnostics.erb within rescues/layout (22.4ms)


Started GET "/" for 127.0.0.1 at 2014-09-15 09:54:13 -0400

PG::ConnectionBad (could not connect to server: Connection refused
	Is the server running on host "localhost" (127.0.0.1) and accepting
	TCP/IP connections on port 5432?
):
  activerecord (4.1.5) lib/active_record/connection_adapters/postgresql_adapter.rb:888:in `initialize'
  activerecord (4.1.5) lib/active_record/connection_adapters/postgresql_adapter.rb:888:in `new'
  activerecord (4.1.5) lib/active_record/connection_adapters/postgresql_adapter.rb:888:in `connect'
  activerecord (4.1.5) lib/active_record/connection_adapters/postgresql_adapter.rb:568:in `initialize'
  activerecord (4.1.5) lib/active_record/connection_adapters/postgresql_adapter.rb:41:in `new'
  activerecord (4.1.5) lib/active_record/connection_adapters/postgresql_adapter.rb:41:in `postgresql_connection'
  activerecord (4.1.5) lib/active_record/connection_adapters/abstract/connection_pool.rb:435:in `new_connection'
  activerecord (4.1.5) lib/active_record/connection_adapters/abstract/connection_pool.rb:445:in `checkout_new_connection'
  activerecord (4.1.5) lib/active_record/connection_adapters/abstract/connection_pool.rb:416:in `acquire_connection'
  activerecord (4.1.5) lib/active_record/connection_adapters/abstract/connection_pool.rb:351:in `block in checkout'
  /home/pavan/rubystack-2.0.0-18/ruby/lib/ruby/2.0.0/monitor.rb:211:in `mon_synchronize'
  activerecord (4.1.5) lib/active_record/connection_adapters/abstract/connection_pool.rb:350:in `checkout'
  activerecord (4.1.5) lib/active_record/connection_adapters/abstract/connection_pool.rb:265:in `block in connection'
  /home/pavan/rubystack-2.0.0-18/ruby/lib/ruby/2.0.0/monitor.rb:211:in `mon_synchronize'
  activerecord (4.1.5) lib/active_record/connection_adapters/abstract/connection_pool.rb:264:in `connection'
  activerecord (4.1.5) lib/active_record/connection_adapters/abstract/connection_pool.rb:541:in `retrieve_connection'
  activerecord (4.1.5) lib/active_record/connection_handling.rb:113:in `retrieve_connection'
  activerecord (4.1.5) lib/active_record/connection_handling.rb:87:in `connection'
  activerecord (4.1.5) lib/active_record/query_cache.rb:51:in `restore_query_cache_settings'
  activerecord (4.1.5) lib/active_record/query_cache.rb:43:in `rescue in call'
  activerecord (4.1.5) lib/active_record/query_cache.rb:32:in `call'
  activerecord (4.1.5) lib/active_record/connection_adapters/abstract/connection_pool.rb:621:in `call'
  activerecord (4.1.5) lib/active_record/migration.rb:380:in `call'
  actionpack (4.1.5) lib/action_dispatch/middleware/callbacks.rb:29:in `block in call'
  activesupport (4.1.5) lib/active_support/callbacks.rb:82:in `run_callbacks'
  actionpack (4.1.5) lib/action_dispatch/middleware/callbacks.rb:27:in `call'
  actionpack (4.1.5) lib/action_dispatch/middleware/reloader.rb:73:in `call'
  actionpack (4.1.5) lib/action_dispatch/middleware/remote_ip.rb:76:in `call'
  actionpack (4.1.5) lib/action_dispatch/middleware/debug_exceptions.rb:17:in `call'
  actionpack (4.1.5) lib/action_dispatch/middleware/show_exceptions.rb:30:in `call'
  railties (4.1.5) lib/rails/rack/logger.rb:38:in `call_app'
  railties (4.1.5) lib/rails/rack/logger.rb:20:in `block in call'
  activesupport (4.1.5) lib/active_support/tagged_logging.rb:68:in `block in tagged'
  activesupport (4.1.5) lib/active_support/tagged_logging.rb:26:in `tagged'
  activesupport (4.1.5) lib/active_support/tagged_logging.rb:68:in `tagged'
  railties (4.1.5) lib/rails/rack/logger.rb:20:in `call'
  actionpack (4.1.5) lib/action_dispatch/middleware/request_id.rb:21:in `call'
  rack (1.5.2) lib/rack/methodoverride.rb:21:in `call'
  rack (1.5.2) lib/rack/runtime.rb:17:in `call'
  activesupport (4.1.5) lib/active_support/cache/strategy/local_cache_middleware.rb:26:in `call'
  rack (1.5.2) lib/rack/lock.rb:17:in `call'
  actionpack (4.1.5) lib/action_dispatch/middleware/static.rb:64:in `call'
  rack (1.5.2) lib/rack/sendfile.rb:112:in `call'
  railties (4.1.5) lib/rails/engine.rb:514:in `call'
  railties (4.1.5) lib/rails/application.rb:144:in `call'
  rack (1.5.2) lib/rack/lock.rb:17:in `call'
  rack (1.5.2) lib/rack/content_length.rb:14:in `call'
  rack (1.5.2) lib/rack/handler/webrick.rb:60:in `service'
  /home/pavan/rubystack-2.0.0-18/ruby/lib/ruby/2.0.0/webrick/httpserver.rb:138:in `service'
  /home/pavan/rubystack-2.0.0-18/ruby/lib/ruby/2.0.0/webrick/httpserver.rb:94:in `run'
  /home/pavan/rubystack-2.0.0-18/ruby/lib/ruby/2.0.0/webrick/server.rb:295:in `block in start_thread'


  Rendered /home/pavan/rubystack-2.0.0-18/ruby/lib/ruby/gems/2.0.0/gems/actionpack-4.1.5/lib/action_dispatch/middleware/templates/rescues/_source.erb (0.5ms)
  Rendered /home/pavan/rubystack-2.0.0-18/ruby/lib/ruby/gems/2.0.0/gems/actionpack-4.1.5/lib/action_dispatch/middleware/templates/rescues/_trace.html.erb (5.4ms)
  Rendered /home/pavan/rubystack-2.0.0-18/ruby/lib/ruby/gems/2.0.0/gems/actionpack-4.1.5/lib/action_dispatch/middleware/templates/rescues/_request_and_response.html.erb (0.6ms)
  Rendered /home/pavan/rubystack-2.0.0-18/ruby/lib/ruby/gems/2.0.0/gems/actionpack-4.1.5/lib/action_dispatch/middleware/templates/rescues/diagnostics.erb within rescues/layout (22.5ms)


Started GET "/" for 127.0.0.1 at 2014-09-15 09:55:26 -0400

PG::ConnectionBad (could not connect to server: Connection refused
	Is the server running on host "localhost" (127.0.0.1) and accepting
	TCP/IP connections on port 5432?
):
  activerecord (4.1.5) lib/active_record/connection_adapters/postgresql_adapter.rb:888:in `initialize'
  activerecord (4.1.5) lib/active_record/connection_adapters/postgresql_adapter.rb:888:in `new'
  activerecord (4.1.5) lib/active_record/connection_adapters/postgresql_adapter.rb:888:in `connect'
  activerecord (4.1.5) lib/active_record/connection_adapters/postgresql_adapter.rb:568:in `initialize'
  activerecord (4.1.5) lib/active_record/connection_adapters/postgresql_adapter.rb:41:in `new'
  activerecord (4.1.5) lib/active_record/connection_adapters/postgresql_adapter.rb:41:in `postgresql_connection'
  activerecord (4.1.5) lib/active_record/connection_adapters/abstract/connection_pool.rb:435:in `new_connection'
  activerecord (4.1.5) lib/active_record/connection_adapters/abstract/connection_pool.rb:445:in `checkout_new_connection'
  activerecord (4.1.5) lib/active_record/connection_adapters/abstract/connection_pool.rb:416:in `acquire_connection'
  activerecord (4.1.5) lib/active_record/connection_adapters/abstract/connection_pool.rb:351:in `block in checkout'
  /home/pavan/rubystack-2.0.0-18/ruby/lib/ruby/2.0.0/monitor.rb:211:in `mon_synchronize'
  activerecord (4.1.5) lib/active_record/connection_adapters/abstract/connection_pool.rb:350:in `checkout'
  activerecord (4.1.5) lib/active_record/connection_adapters/abstract/connection_pool.rb:265:in `block in connection'
  /home/pavan/rubystack-2.0.0-18/ruby/lib/ruby/2.0.0/monitor.rb:211:in `mon_synchronize'
  activerecord (4.1.5) lib/active_record/connection_adapters/abstract/connection_pool.rb:264:in `connection'
  activerecord (4.1.5) lib/active_record/connection_adapters/abstract/connection_pool.rb:541:in `retrieve_connection'
  activerecord (4.1.5) lib/active_record/connection_handling.rb:113:in `retrieve_connection'
  activerecord (4.1.5) lib/active_record/connection_handling.rb:87:in `connection'
  activerecord (4.1.5) lib/active_record/query_cache.rb:51:in `restore_query_cache_settings'
  activerecord (4.1.5) lib/active_record/query_cache.rb:43:in `rescue in call'
  activerecord (4.1.5) lib/active_record/query_cache.rb:32:in `call'
  activerecord (4.1.5) lib/active_record/connection_adapters/abstract/connection_pool.rb:621:in `call'
  activerecord (4.1.5) lib/active_record/migration.rb:380:in `call'
  actionpack (4.1.5) lib/action_dispatch/middleware/callbacks.rb:29:in `block in call'
  activesupport (4.1.5) lib/active_support/callbacks.rb:82:in `run_callbacks'
  actionpack (4.1.5) lib/action_dispatch/middleware/callbacks.rb:27:in `call'
  actionpack (4.1.5) lib/action_dispatch/middleware/reloader.rb:73:in `call'
  actionpack (4.1.5) lib/action_dispatch/middleware/remote_ip.rb:76:in `call'
  actionpack (4.1.5) lib/action_dispatch/middleware/debug_exceptions.rb:17:in `call'
  actionpack (4.1.5) lib/action_dispatch/middleware/show_exceptions.rb:30:in `call'
  railties (4.1.5) lib/rails/rack/logger.rb:38:in `call_app'
  railties (4.1.5) lib/rails/rack/logger.rb:20:in `block in call'
  activesupport (4.1.5) lib/active_support/tagged_logging.rb:68:in `block in tagged'
  activesupport (4.1.5) lib/active_support/tagged_logging.rb:26:in `tagged'
  activesupport (4.1.5) lib/active_support/tagged_logging.rb:68:in `tagged'
  railties (4.1.5) lib/rails/rack/logger.rb:20:in `call'
  actionpack (4.1.5) lib/action_dispatch/middleware/request_id.rb:21:in `call'
  rack (1.5.2) lib/rack/methodoverride.rb:21:in `call'
  rack (1.5.2) lib/rack/runtime.rb:17:in `call'
  activesupport (4.1.5) lib/active_support/cache/strategy/local_cache_middleware.rb:26:in `call'
  rack (1.5.2) lib/rack/lock.rb:17:in `call'
  actionpack (4.1.5) lib/action_dispatch/middleware/static.rb:64:in `call'
  rack (1.5.2) lib/rack/sendfile.rb:112:in `call'
  railties (4.1.5) lib/rails/engine.rb:514:in `call'
  railties (4.1.5) lib/rails/application.rb:144:in `call'
  rack (1.5.2) lib/rack/lock.rb:17:in `call'
  rack (1.5.2) lib/rack/content_length.rb:14:in `call'
  rack (1.5.2) lib/rack/handler/webrick.rb:60:in `service'
  /home/pavan/rubystack-2.0.0-18/ruby/lib/ruby/2.0.0/webrick/httpserver.rb:138:in `service'
  /home/pavan/rubystack-2.0.0-18/ruby/lib/ruby/2.0.0/webrick/httpserver.rb:94:in `run'
  /home/pavan/rubystack-2.0.0-18/ruby/lib/ruby/2.0.0/webrick/server.rb:295:in `block in start_thread'


  Rendered /home/pavan/rubystack-2.0.0-18/ruby/lib/ruby/gems/2.0.0/gems/actionpack-4.1.5/lib/action_dispatch/middleware/templates/rescues/_source.erb (0.4ms)
  Rendered /home/pavan/rubystack-2.0.0-18/ruby/lib/ruby/gems/2.0.0/gems/actionpack-4.1.5/lib/action_dispatch/middleware/templates/rescues/_trace.html.erb (1.7ms)
  Rendered /home/pavan/rubystack-2.0.0-18/ruby/lib/ruby/gems/2.0.0/gems/actionpack-4.1.5/lib/action_dispatch/middleware/templates/rescues/_request_and_response.html.erb (0.6ms)
  Rendered /home/pavan/rubystack-2.0.0-18/ruby/lib/ruby/gems/2.0.0/gems/actionpack-4.1.5/lib/action_dispatch/middleware/templates/rescues/diagnostics.erb within rescues/layout (23.9ms)


Started GET "/" for 127.0.0.1 at 2014-09-15 09:56:45 -0400

PG::ConnectionBad (could not connect to server: Connection refused
	Is the server running on host "localhost" (127.0.0.1) and accepting
	TCP/IP connections on port 5432?
):
  activerecord (4.1.5) lib/active_record/connection_adapters/postgresql_adapter.rb:888:in `initialize'
  activerecord (4.1.5) lib/active_record/connection_adapters/postgresql_adapter.rb:888:in `new'
  activerecord (4.1.5) lib/active_record/connection_adapters/postgresql_adapter.rb:888:in `connect'
  activerecord (4.1.5) lib/active_record/connection_adapters/postgresql_adapter.rb:568:in `initialize'
  activerecord (4.1.5) lib/active_record/connection_adapters/postgresql_adapter.rb:41:in `new'
  activerecord (4.1.5) lib/active_record/connection_adapters/postgresql_adapter.rb:41:in `postgresql_connection'
  activerecord (4.1.5) lib/active_record/connection_adapters/abstract/connection_pool.rb:435:in `new_connection'
  activerecord (4.1.5) lib/active_record/connection_adapters/abstract/connection_pool.rb:445:in `checkout_new_connection'
  activerecord (4.1.5) lib/active_record/connection_adapters/abstract/connection_pool.rb:416:in `acquire_connection'
  activerecord (4.1.5) lib/active_record/connection_adapters/abstract/connection_pool.rb:351:in `block in checkout'
  /home/pavan/rubystack-2.0.0-18/ruby/lib/ruby/2.0.0/monitor.rb:211:in `mon_synchronize'
  activerecord (4.1.5) lib/active_record/connection_adapters/abstract/connection_pool.rb:350:in `checkout'
  activerecord (4.1.5) lib/active_record/connection_adapters/abstract/connection_pool.rb:265:in `block in connection'
  /home/pavan/rubystack-2.0.0-18/ruby/lib/ruby/2.0.0/monitor.rb:211:in `mon_synchronize'
  activerecord (4.1.5) lib/active_record/connection_adapters/abstract/connection_pool.rb:264:in `connection'
  activerecord (4.1.5) lib/active_record/connection_adapters/abstract/connection_pool.rb:541:in `retrieve_connection'
  activerecord (4.1.5) lib/active_record/connection_handling.rb:113:in `retrieve_connection'
  activerecord (4.1.5) lib/active_record/connection_handling.rb:87:in `connection'
  activerecord (4.1.5) lib/active_record/query_cache.rb:51:in `restore_query_cache_settings'
  activerecord (4.1.5) lib/active_record/query_cache.rb:43:in `rescue in call'
  activerecord (4.1.5) lib/active_record/query_cache.rb:32:in `call'
  activerecord (4.1.5) lib/active_record/connection_adapters/abstract/connection_pool.rb:621:in `call'
  activerecord (4.1.5) lib/active_record/migration.rb:380:in `call'
  actionpack (4.1.5) lib/action_dispatch/middleware/callbacks.rb:29:in `block in call'
  activesupport (4.1.5) lib/active_support/callbacks.rb:82:in `run_callbacks'
  actionpack (4.1.5) lib/action_dispatch/middleware/callbacks.rb:27:in `call'
  actionpack (4.1.5) lib/action_dispatch/middleware/reloader.rb:73:in `call'
  actionpack (4.1.5) lib/action_dispatch/middleware/remote_ip.rb:76:in `call'
  actionpack (4.1.5) lib/action_dispatch/middleware/debug_exceptions.rb:17:in `call'
  actionpack (4.1.5) lib/action_dispatch/middleware/show_exceptions.rb:30:in `call'
  railties (4.1.5) lib/rails/rack/logger.rb:38:in `call_app'
  railties (4.1.5) lib/rails/rack/logger.rb:20:in `block in call'
  activesupport (4.1.5) lib/active_support/tagged_logging.rb:68:in `block in tagged'
  activesupport (4.1.5) lib/active_support/tagged_logging.rb:26:in `tagged'
  activesupport (4.1.5) lib/active_support/tagged_logging.rb:68:in `tagged'
  railties (4.1.5) lib/rails/rack/logger.rb:20:in `call'
  actionpack (4.1.5) lib/action_dispatch/middleware/request_id.rb:21:in `call'
  rack (1.5.2) lib/rack/methodoverride.rb:21:in `call'
  rack (1.5.2) lib/rack/runtime.rb:17:in `call'
  activesupport (4.1.5) lib/active_support/cache/strategy/local_cache_middleware.rb:26:in `call'
  rack (1.5.2) lib/rack/lock.rb:17:in `call'
  actionpack (4.1.5) lib/action_dispatch/middleware/static.rb:64:in `call'
  rack (1.5.2) lib/rack/sendfile.rb:112:in `call'
  railties (4.1.5) lib/rails/engine.rb:514:in `call'
  railties (4.1.5) lib/rails/application.rb:144:in `call'
  rack (1.5.2) lib/rack/lock.rb:17:in `call'
  rack (1.5.2) lib/rack/content_length.rb:14:in `call'
  rack (1.5.2) lib/rack/handler/webrick.rb:60:in `service'
  /home/pavan/rubystack-2.0.0-18/ruby/lib/ruby/2.0.0/webrick/httpserver.rb:138:in `service'
  /home/pavan/rubystack-2.0.0-18/ruby/lib/ruby/2.0.0/webrick/httpserver.rb:94:in `run'
  /home/pavan/rubystack-2.0.0-18/ruby/lib/ruby/2.0.0/webrick/server.rb:295:in `block in start_thread'


  Rendered /home/pavan/rubystack-2.0.0-18/ruby/lib/ruby/gems/2.0.0/gems/actionpack-4.1.5/lib/action_dispatch/middleware/templates/rescues/_source.erb (0.4ms)
  Rendered /home/pavan/rubystack-2.0.0-18/ruby/lib/ruby/gems/2.0.0/gems/actionpack-4.1.5/lib/action_dispatch/middleware/templates/rescues/_trace.html.erb (0.7ms)
  Rendered /home/pavan/rubystack-2.0.0-18/ruby/lib/ruby/gems/2.0.0/gems/actionpack-4.1.5/lib/action_dispatch/middleware/templates/rescues/_request_and_response.html.erb (0.5ms)
  Rendered /home/pavan/rubystack-2.0.0-18/ruby/lib/ruby/gems/2.0.0/gems/actionpack-4.1.5/lib/action_dispatch/middleware/templates/rescues/diagnostics.erb within rescues/layout (26.6ms)


Started GET "/" for 127.0.0.1 at 2014-09-15 09:57:15 -0400

PG::ConnectionBad (could not connect to server: Connection refused
	Is the server running on host "localhost" (127.0.0.1) and accepting
	TCP/IP connections on port 5432?
):
  activerecord (4.1.5) lib/active_record/connection_adapters/postgresql_adapter.rb:888:in `initialize'
  activerecord (4.1.5) lib/active_record/connection_adapters/postgresql_adapter.rb:888:in `new'
  activerecord (4.1.5) lib/active_record/connection_adapters/postgresql_adapter.rb:888:in `connect'
  activerecord (4.1.5) lib/active_record/connection_adapters/postgresql_adapter.rb:568:in `initialize'
  activerecord (4.1.5) lib/active_record/connection_adapters/postgresql_adapter.rb:41:in `new'
  activerecord (4.1.5) lib/active_record/connection_adapters/postgresql_adapter.rb:41:in `postgresql_connection'
  activerecord (4.1.5) lib/active_record/connection_adapters/abstract/connection_pool.rb:435:in `new_connection'
  activerecord (4.1.5) lib/active_record/connection_adapters/abstract/connection_pool.rb:445:in `checkout_new_connection'
  activerecord (4.1.5) lib/active_record/connection_adapters/abstract/connection_pool.rb:416:in `acquire_connection'
  activerecord (4.1.5) lib/active_record/connection_adapters/abstract/connection_pool.rb:351:in `block in checkout'
  /home/pavan/rubystack-2.0.0-18/ruby/lib/ruby/2.0.0/monitor.rb:211:in `mon_synchronize'
  activerecord (4.1.5) lib/active_record/connection_adapters/abstract/connection_pool.rb:350:in `checkout'
  activerecord (4.1.5) lib/active_record/connection_adapters/abstract/connection_pool.rb:265:in `block in connection'
  /home/pavan/rubystack-2.0.0-18/ruby/lib/ruby/2.0.0/monitor.rb:211:in `mon_synchronize'
  activerecord (4.1.5) lib/active_record/connection_adapters/abstract/connection_pool.rb:264:in `connection'
  activerecord (4.1.5) lib/active_record/connection_adapters/abstract/connection_pool.rb:541:in `retrieve_connection'
  activerecord (4.1.5) lib/active_record/connection_handling.rb:113:in `retrieve_connection'
  activerecord (4.1.5) lib/active_record/connection_handling.rb:87:in `connection'
  activerecord (4.1.5) lib/active_record/query_cache.rb:51:in `restore_query_cache_settings'
  activerecord (4.1.5) lib/active_record/query_cache.rb:43:in `rescue in call'
  activerecord (4.1.5) lib/active_record/query_cache.rb:32:in `call'
  activerecord (4.1.5) lib/active_record/connection_adapters/abstract/connection_pool.rb:621:in `call'
  activerecord (4.1.5) lib/active_record/migration.rb:380:in `call'
  actionpack (4.1.5) lib/action_dispatch/middleware/callbacks.rb:29:in `block in call'
  activesupport (4.1.5) lib/active_support/callbacks.rb:82:in `run_callbacks'
  actionpack (4.1.5) lib/action_dispatch/middleware/callbacks.rb:27:in `call'
  actionpack (4.1.5) lib/action_dispatch/middleware/reloader.rb:73:in `call'
  actionpack (4.1.5) lib/action_dispatch/middleware/remote_ip.rb:76:in `call'
  actionpack (4.1.5) lib/action_dispatch/middleware/debug_exceptions.rb:17:in `call'
  actionpack (4.1.5) lib/action_dispatch/middleware/show_exceptions.rb:30:in `call'
  railties (4.1.5) lib/rails/rack/logger.rb:38:in `call_app'
  railties (4.1.5) lib/rails/rack/logger.rb:20:in `block in call'
  activesupport (4.1.5) lib/active_support/tagged_logging.rb:68:in `block in tagged'
  activesupport (4.1.5) lib/active_support/tagged_logging.rb:26:in `tagged'
  activesupport (4.1.5) lib/active_support/tagged_logging.rb:68:in `tagged'
  railties (4.1.5) lib/rails/rack/logger.rb:20:in `call'
  actionpack (4.1.5) lib/action_dispatch/middleware/request_id.rb:21:in `call'
  rack (1.5.2) lib/rack/methodoverride.rb:21:in `call'
  rack (1.5.2) lib/rack/runtime.rb:17:in `call'
  activesupport (4.1.5) lib/active_support/cache/strategy/local_cache_middleware.rb:26:in `call'
  rack (1.5.2) lib/rack/lock.rb:17:in `call'
  actionpack (4.1.5) lib/action_dispatch/middleware/static.rb:64:in `call'
  rack (1.5.2) lib/rack/sendfile.rb:112:in `call'
  railties (4.1.5) lib/rails/engine.rb:514:in `call'
  railties (4.1.5) lib/rails/application.rb:144:in `call'
  rack (1.5.2) lib/rack/lock.rb:17:in `call'
  rack (1.5.2) lib/rack/content_length.rb:14:in `call'
  rack (1.5.2) lib/rack/handler/webrick.rb:60:in `service'
  /home/pavan/rubystack-2.0.0-18/ruby/lib/ruby/2.0.0/webrick/httpserver.rb:138:in `service'
  /home/pavan/rubystack-2.0.0-18/ruby/lib/ruby/2.0.0/webrick/httpserver.rb:94:in `run'
  /home/pavan/rubystack-2.0.0-18/ruby/lib/ruby/2.0.0/webrick/server.rb:295:in `block in start_thread'


  Rendered /home/pavan/rubystack-2.0.0-18/ruby/lib/ruby/gems/2.0.0/gems/actionpack-4.1.5/lib/action_dispatch/middleware/templates/rescues/_source.erb (0.4ms)
  Rendered /home/pavan/rubystack-2.0.0-18/ruby/lib/ruby/gems/2.0.0/gems/actionpack-4.1.5/lib/action_dispatch/middleware/templates/rescues/_trace.html.erb (0.6ms)
  Rendered /home/pavan/rubystack-2.0.0-18/ruby/lib/ruby/gems/2.0.0/gems/actionpack-4.1.5/lib/action_dispatch/middleware/templates/rescues/_request_and_response.html.erb (0.6ms)
  Rendered /home/pavan/rubystack-2.0.0-18/ruby/lib/ruby/gems/2.0.0/gems/actionpack-4.1.5/lib/action_dispatch/middleware/templates/rescues/diagnostics.erb within rescues/layout (23.2ms)


Started GET "/" for 127.0.0.1 at 2014-09-15 09:58:18 -0400

PG::ConnectionBad (could not connect to server: Connection refused
	Is the server running on host "localhost" (127.0.0.1) and accepting
	TCP/IP connections on port 5432?
):
  activerecord (4.1.5) lib/active_record/connection_adapters/postgresql_adapter.rb:888:in `initialize'
  activerecord (4.1.5) lib/active_record/connection_adapters/postgresql_adapter.rb:888:in `new'
  activerecord (4.1.5) lib/active_record/connection_adapters/postgresql_adapter.rb:888:in `connect'
  activerecord (4.1.5) lib/active_record/connection_adapters/postgresql_adapter.rb:568:in `initialize'
  activerecord (4.1.5) lib/active_record/connection_adapters/postgresql_adapter.rb:41:in `new'
  activerecord (4.1.5) lib/active_record/connection_adapters/postgresql_adapter.rb:41:in `postgresql_connection'
  activerecord (4.1.5) lib/active_record/connection_adapters/abstract/connection_pool.rb:435:in `new_connection'
  activerecord (4.1.5) lib/active_record/connection_adapters/abstract/connection_pool.rb:445:in `checkout_new_connection'
  activerecord (4.1.5) lib/active_record/connection_adapters/abstract/connection_pool.rb:416:in `acquire_connection'
  activerecord (4.1.5) lib/active_record/connection_adapters/abstract/connection_pool.rb:351:in `block in checkout'
  /home/pavan/rubystack-2.0.0-18/ruby/lib/ruby/2.0.0/monitor.rb:211:in `mon_synchronize'
  activerecord (4.1.5) lib/active_record/connection_adapters/abstract/connection_pool.rb:350:in `checkout'
  activerecord (4.1.5) lib/active_record/connection_adapters/abstract/connection_pool.rb:265:in `block in connection'
  /home/pavan/rubystack-2.0.0-18/ruby/lib/ruby/2.0.0/monitor.rb:211:in `mon_synchronize'
  activerecord (4.1.5) lib/active_record/connection_adapters/abstract/connection_pool.rb:264:in `connection'
  activerecord (4.1.5) lib/active_record/connection_adapters/abstract/connection_pool.rb:541:in `retrieve_connection'
  activerecord (4.1.5) lib/active_record/connection_handling.rb:113:in `retrieve_connection'
  activerecord (4.1.5) lib/active_record/connection_handling.rb:87:in `connection'
  activerecord (4.1.5) lib/active_record/query_cache.rb:51:in `restore_query_cache_settings'
  activerecord (4.1.5) lib/active_record/query_cache.rb:43:in `rescue in call'
  activerecord (4.1.5) lib/active_record/query_cache.rb:32:in `call'
  activerecord (4.1.5) lib/active_record/connection_adapters/abstract/connection_pool.rb:621:in `call'
  activerecord (4.1.5) lib/active_record/migration.rb:380:in `call'
  actionpack (4.1.5) lib/action_dispatch/middleware/callbacks.rb:29:in `block in call'
  activesupport (4.1.5) lib/active_support/callbacks.rb:82:in `run_callbacks'
  actionpack (4.1.5) lib/action_dispatch/middleware/callbacks.rb:27:in `call'
  actionpack (4.1.5) lib/action_dispatch/middleware/reloader.rb:73:in `call'
  actionpack (4.1.5) lib/action_dispatch/middleware/remote_ip.rb:76:in `call'
  actionpack (4.1.5) lib/action_dispatch/middleware/debug_exceptions.rb:17:in `call'
  actionpack (4.1.5) lib/action_dispatch/middleware/show_exceptions.rb:30:in `call'
  railties (4.1.5) lib/rails/rack/logger.rb:38:in `call_app'
  railties (4.1.5) lib/rails/rack/logger.rb:20:in `block in call'
  activesupport (4.1.5) lib/active_support/tagged_logging.rb:68:in `block in tagged'
  activesupport (4.1.5) lib/active_support/tagged_logging.rb:26:in `tagged'
  activesupport (4.1.5) lib/active_support/tagged_logging.rb:68:in `tagged'
  railties (4.1.5) lib/rails/rack/logger.rb:20:in `call'
  actionpack (4.1.5) lib/action_dispatch/middleware/request_id.rb:21:in `call'
  rack (1.5.2) lib/rack/methodoverride.rb:21:in `call'
  rack (1.5.2) lib/rack/runtime.rb:17:in `call'
  activesupport (4.1.5) lib/active_support/cache/strategy/local_cache_middleware.rb:26:in `call'
  rack (1.5.2) lib/rack/lock.rb:17:in `call'
  actionpack (4.1.5) lib/action_dispatch/middleware/static.rb:64:in `call'
  rack (1.5.2) lib/rack/sendfile.rb:112:in `call'
  railties (4.1.5) lib/rails/engine.rb:514:in `call'
  railties (4.1.5) lib/rails/application.rb:144:in `call'
  rack (1.5.2) lib/rack/lock.rb:17:in `call'
  rack (1.5.2) lib/rack/content_length.rb:14:in `call'
  rack (1.5.2) lib/rack/handler/webrick.rb:60:in `service'
  /home/pavan/rubystack-2.0.0-18/ruby/lib/ruby/2.0.0/webrick/httpserver.rb:138:in `service'
  /home/pavan/rubystack-2.0.0-18/ruby/lib/ruby/2.0.0/webrick/httpserver.rb:94:in `run'
  /home/pavan/rubystack-2.0.0-18/ruby/lib/ruby/2.0.0/webrick/server.rb:295:in `block in start_thread'


  Rendered /home/pavan/rubystack-2.0.0-18/ruby/lib/ruby/gems/2.0.0/gems/actionpack-4.1.5/lib/action_dispatch/middleware/templates/rescues/_source.erb (0.5ms)
  Rendered /home/pavan/rubystack-2.0.0-18/ruby/lib/ruby/gems/2.0.0/gems/actionpack-4.1.5/lib/action_dispatch/middleware/templates/rescues/_trace.html.erb (0.7ms)
  Rendered /home/pavan/rubystack-2.0.0-18/ruby/lib/ruby/gems/2.0.0/gems/actionpack-4.1.5/lib/action_dispatch/middleware/templates/rescues/_request_and_response.html.erb (0.7ms)
  Rendered /home/pavan/rubystack-2.0.0-18/ruby/lib/ruby/gems/2.0.0/gems/actionpack-4.1.5/lib/action_dispatch/middleware/templates/rescues/diagnostics.erb within rescues/layout (30.0ms)


Started GET "/" for 127.0.0.1 at 2014-09-15 09:58:21 -0400

PG::ConnectionBad (could not connect to server: Connection refused
	Is the server running on host "localhost" (127.0.0.1) and accepting
	TCP/IP connections on port 5432?
):
  activerecord (4.1.5) lib/active_record/connection_adapters/postgresql_adapter.rb:888:in `initialize'
  activerecord (4.1.5) lib/active_record/connection_adapters/postgresql_adapter.rb:888:in `new'
  activerecord (4.1.5) lib/active_record/connection_adapters/postgresql_adapter.rb:888:in `connect'
  activerecord (4.1.5) lib/active_record/connection_adapters/postgresql_adapter.rb:568:in `initialize'
  activerecord (4.1.5) lib/active_record/connection_adapters/postgresql_adapter.rb:41:in `new'
  activerecord (4.1.5) lib/active_record/connection_adapters/postgresql_adapter.rb:41:in `postgresql_connection'
  activerecord (4.1.5) lib/active_record/connection_adapters/abstract/connection_pool.rb:435:in `new_connection'
  activerecord (4.1.5) lib/active_record/connection_adapters/abstract/connection_pool.rb:445:in `checkout_new_connection'
  activerecord (4.1.5) lib/active_record/connection_adapters/abstract/connection_pool.rb:416:in `acquire_connection'
  activerecord (4.1.5) lib/active_record/connection_adapters/abstract/connection_pool.rb:351:in `block in checkout'
  /home/pavan/rubystack-2.0.0-18/ruby/lib/ruby/2.0.0/monitor.rb:211:in `mon_synchronize'
  activerecord (4.1.5) lib/active_record/connection_adapters/abstract/connection_pool.rb:350:in `checkout'
  activerecord (4.1.5) lib/active_record/connection_adapters/abstract/connection_pool.rb:265:in `block in connection'
  /home/pavan/rubystack-2.0.0-18/ruby/lib/ruby/2.0.0/monitor.rb:211:in `mon_synchronize'
  activerecord (4.1.5) lib/active_record/connection_adapters/abstract/connection_pool.rb:264:in `connection'
  activerecord (4.1.5) lib/active_record/connection_adapters/abstract/connection_pool.rb:541:in `retrieve_connection'
  activerecord (4.1.5) lib/active_record/connection_handling.rb:113:in `retrieve_connection'
  activerecord (4.1.5) lib/active_record/connection_handling.rb:87:in `connection'
  activerecord (4.1.5) lib/active_record/query_cache.rb:51:in `restore_query_cache_settings'
  activerecord (4.1.5) lib/active_record/query_cache.rb:43:in `rescue in call'
  activerecord (4.1.5) lib/active_record/query_cache.rb:32:in `call'
  activerecord (4.1.5) lib/active_record/connection_adapters/abstract/connection_pool.rb:621:in `call'
  activerecord (4.1.5) lib/active_record/migration.rb:380:in `call'
  actionpack (4.1.5) lib/action_dispatch/middleware/callbacks.rb:29:in `block in call'
  activesupport (4.1.5) lib/active_support/callbacks.rb:82:in `run_callbacks'
  actionpack (4.1.5) lib/action_dispatch/middleware/callbacks.rb:27:in `call'
  actionpack (4.1.5) lib/action_dispatch/middleware/reloader.rb:73:in `call'
  actionpack (4.1.5) lib/action_dispatch/middleware/remote_ip.rb:76:in `call'
  actionpack (4.1.5) lib/action_dispatch/middleware/debug_exceptions.rb:17:in `call'
  actionpack (4.1.5) lib/action_dispatch/middleware/show_exceptions.rb:30:in `call'
  railties (4.1.5) lib/rails/rack/logger.rb:38:in `call_app'
  railties (4.1.5) lib/rails/rack/logger.rb:20:in `block in call'
  activesupport (4.1.5) lib/active_support/tagged_logging.rb:68:in `block in tagged'
  activesupport (4.1.5) lib/active_support/tagged_logging.rb:26:in `tagged'
  activesupport (4.1.5) lib/active_support/tagged_logging.rb:68:in `tagged'
  railties (4.1.5) lib/rails/rack/logger.rb:20:in `call'
  actionpack (4.1.5) lib/action_dispatch/middleware/request_id.rb:21:in `call'
  rack (1.5.2) lib/rack/methodoverride.rb:21:in `call'
  rack (1.5.2) lib/rack/runtime.rb:17:in `call'
  activesupport (4.1.5) lib/active_support/cache/strategy/local_cache_middleware.rb:26:in `call'
  rack (1.5.2) lib/rack/lock.rb:17:in `call'
  actionpack (4.1.5) lib/action_dispatch/middleware/static.rb:64:in `call'
  rack (1.5.2) lib/rack/sendfile.rb:112:in `call'
  railties (4.1.5) lib/rails/engine.rb:514:in `call'
  railties (4.1.5) lib/rails/application.rb:144:in `call'
  rack (1.5.2) lib/rack/lock.rb:17:in `call'
  rack (1.5.2) lib/rack/content_length.rb:14:in `call'
  rack (1.5.2) lib/rack/handler/webrick.rb:60:in `service'
  /home/pavan/rubystack-2.0.0-18/ruby/lib/ruby/2.0.0/webrick/httpserver.rb:138:in `service'
  /home/pavan/rubystack-2.0.0-18/ruby/lib/ruby/2.0.0/webrick/httpserver.rb:94:in `run'
  /home/pavan/rubystack-2.0.0-18/ruby/lib/ruby/2.0.0/webrick/server.rb:295:in `block in start_thread'


  Rendered /home/pavan/rubystack-2.0.0-18/ruby/lib/ruby/gems/2.0.0/gems/actionpack-4.1.5/lib/action_dispatch/middleware/templates/rescues/_source.erb (0.3ms)
  Rendered /home/pavan/rubystack-2.0.0-18/ruby/lib/ruby/gems/2.0.0/gems/actionpack-4.1.5/lib/action_dispatch/middleware/templates/rescues/_trace.html.erb (0.7ms)
  Rendered /home/pavan/rubystack-2.0.0-18/ruby/lib/ruby/gems/2.0.0/gems/actionpack-4.1.5/lib/action_dispatch/middleware/templates/rescues/_request_and_response.html.erb (0.5ms)
  Rendered /home/pavan/rubystack-2.0.0-18/ruby/lib/ruby/gems/2.0.0/gems/actionpack-4.1.5/lib/action_dispatch/middleware/templates/rescues/diagnostics.erb within rescues/layout (28.1ms)


Started GET "/" for 127.0.0.1 at 2014-09-15 09:58:22 -0400

PG::ConnectionBad (could not connect to server: Connection refused
	Is the server running on host "localhost" (127.0.0.1) and accepting
	TCP/IP connections on port 5432?
):
  activerecord (4.1.5) lib/active_record/connection_adapters/postgresql_adapter.rb:888:in `initialize'
  activerecord (4.1.5) lib/active_record/connection_adapters/postgresql_adapter.rb:888:in `new'
  activerecord (4.1.5) lib/active_record/connection_adapters/postgresql_adapter.rb:888:in `connect'
  activerecord (4.1.5) lib/active_record/connection_adapters/postgresql_adapter.rb:568:in `initialize'
  activerecord (4.1.5) lib/active_record/connection_adapters/postgresql_adapter.rb:41:in `new'
  activerecord (4.1.5) lib/active_record/connection_adapters/postgresql_adapter.rb:41:in `postgresql_connection'
  activerecord (4.1.5) lib/active_record/connection_adapters/abstract/connection_pool.rb:435:in `new_connection'
  activerecord (4.1.5) lib/active_record/connection_adapters/abstract/connection_pool.rb:445:in `checkout_new_connection'
  activerecord (4.1.5) lib/active_record/connection_adapters/abstract/connection_pool.rb:416:in `acquire_connection'
  activerecord (4.1.5) lib/active_record/connection_adapters/abstract/connection_pool.rb:351:in `block in checkout'
  /home/pavan/rubystack-2.0.0-18/ruby/lib/ruby/2.0.0/monitor.rb:211:in `mon_synchronize'
  activerecord (4.1.5) lib/active_record/connection_adapters/abstract/connection_pool.rb:350:in `checkout'
  activerecord (4.1.5) lib/active_record/connection_adapters/abstract/connection_pool.rb:265:in `block in connection'
  /home/pavan/rubystack-2.0.0-18/ruby/lib/ruby/2.0.0/monitor.rb:211:in `mon_synchronize'
  activerecord (4.1.5) lib/active_record/connection_adapters/abstract/connection_pool.rb:264:in `connection'
  activerecord (4.1.5) lib/active_record/connection_adapters/abstract/connection_pool.rb:541:in `retrieve_connection'
  activerecord (4.1.5) lib/active_record/connection_handling.rb:113:in `retrieve_connection'
  activerecord (4.1.5) lib/active_record/connection_handling.rb:87:in `connection'
  activerecord (4.1.5) lib/active_record/query_cache.rb:51:in `restore_query_cache_settings'
  activerecord (4.1.5) lib/active_record/query_cache.rb:43:in `rescue in call'
  activerecord (4.1.5) lib/active_record/query_cache.rb:32:in `call'
  activerecord (4.1.5) lib/active_record/connection_adapters/abstract/connection_pool.rb:621:in `call'
  activerecord (4.1.5) lib/active_record/migration.rb:380:in `call'
  actionpack (4.1.5) lib/action_dispatch/middleware/callbacks.rb:29:in `block in call'
  activesupport (4.1.5) lib/active_support/callbacks.rb:82:in `run_callbacks'
  actionpack (4.1.5) lib/action_dispatch/middleware/callbacks.rb:27:in `call'
  actionpack (4.1.5) lib/action_dispatch/middleware/reloader.rb:73:in `call'
  actionpack (4.1.5) lib/action_dispatch/middleware/remote_ip.rb:76:in `call'
  actionpack (4.1.5) lib/action_dispatch/middleware/debug_exceptions.rb:17:in `call'
  actionpack (4.1.5) lib/action_dispatch/middleware/show_exceptions.rb:30:in `call'
  railties (4.1.5) lib/rails/rack/logger.rb:38:in `call_app'
  railties (4.1.5) lib/rails/rack/logger.rb:20:in `block in call'
  activesupport (4.1.5) lib/active_support/tagged_logging.rb:68:in `block in tagged'
  activesupport (4.1.5) lib/active_support/tagged_logging.rb:26:in `tagged'
  activesupport (4.1.5) lib/active_support/tagged_logging.rb:68:in `tagged'
  railties (4.1.5) lib/rails/rack/logger.rb:20:in `call'
  actionpack (4.1.5) lib/action_dispatch/middleware/request_id.rb:21:in `call'
  rack (1.5.2) lib/rack/methodoverride.rb:21:in `call'
  rack (1.5.2) lib/rack/runtime.rb:17:in `call'
  activesupport (4.1.5) lib/active_support/cache/strategy/local_cache_middleware.rb:26:in `call'
  rack (1.5.2) lib/rack/lock.rb:17:in `call'
  actionpack (4.1.5) lib/action_dispatch/middleware/static.rb:64:in `call'
  rack (1.5.2) lib/rack/sendfile.rb:112:in `call'
  railties (4.1.5) lib/rails/engine.rb:514:in `call'
  railties (4.1.5) lib/rails/application.rb:144:in `call'
  rack (1.5.2) lib/rack/lock.rb:17:in `call'
  rack (1.5.2) lib/rack/content_length.rb:14:in `call'
  rack (1.5.2) lib/rack/handler/webrick.rb:60:in `service'
  /home/pavan/rubystack-2.0.0-18/ruby/lib/ruby/2.0.0/webrick/httpserver.rb:138:in `service'
  /home/pavan/rubystack-2.0.0-18/ruby/lib/ruby/2.0.0/webrick/httpserver.rb:94:in `run'
  /home/pavan/rubystack-2.0.0-18/ruby/lib/ruby/2.0.0/webrick/server.rb:295:in `block in start_thread'


  Rendered /home/pavan/rubystack-2.0.0-18/ruby/lib/ruby/gems/2.0.0/gems/actionpack-4.1.5/lib/action_dispatch/middleware/templates/rescues/_source.erb (2.7ms)
  Rendered /home/pavan/rubystack-2.0.0-18/ruby/lib/ruby/gems/2.0.0/gems/actionpack-4.1.5/lib/action_dispatch/middleware/templates/rescues/_trace.html.erb (0.7ms)
  Rendered /home/pavan/rubystack-2.0.0-18/ruby/lib/ruby/gems/2.0.0/gems/actionpack-4.1.5/lib/action_dispatch/middleware/templates/rescues/_request_and_response.html.erb (3.2ms)
  Rendered /home/pavan/rubystack-2.0.0-18/ruby/lib/ruby/gems/2.0.0/gems/actionpack-4.1.5/lib/action_dispatch/middleware/templates/rescues/diagnostics.erb within rescues/layout (27.6ms)


Started GET "/" for 127.0.0.1 at 2014-09-15 09:58:23 -0400

PG::ConnectionBad (could not connect to server: Connection refused
	Is the server running on host "localhost" (127.0.0.1) and accepting
	TCP/IP connections on port 5432?
):
  activerecord (4.1.5) lib/active_record/connection_adapters/postgresql_adapter.rb:888:in `initialize'
  activerecord (4.1.5) lib/active_record/connection_adapters/postgresql_adapter.rb:888:in `new'
  activerecord (4.1.5) lib/active_record/connection_adapters/postgresql_adapter.rb:888:in `connect'
  activerecord (4.1.5) lib/active_record/connection_adapters/postgresql_adapter.rb:568:in `initialize'
  activerecord (4.1.5) lib/active_record/connection_adapters/postgresql_adapter.rb:41:in `new'
  activerecord (4.1.5) lib/active_record/connection_adapters/postgresql_adapter.rb:41:in `postgresql_connection'
  activerecord (4.1.5) lib/active_record/connection_adapters/abstract/connection_pool.rb:435:in `new_connection'
  activerecord (4.1.5) lib/active_record/connection_adapters/abstract/connection_pool.rb:445:in `checkout_new_connection'
  activerecord (4.1.5) lib/active_record/connection_adapters/abstract/connection_pool.rb:416:in `acquire_connection'
  activerecord (4.1.5) lib/active_record/connection_adapters/abstract/connection_pool.rb:351:in `block in checkout'
  /home/pavan/rubystack-2.0.0-18/ruby/lib/ruby/2.0.0/monitor.rb:211:in `mon_synchronize'
  activerecord (4.1.5) lib/active_record/connection_adapters/abstract/connection_pool.rb:350:in `checkout'
  activerecord (4.1.5) lib/active_record/connection_adapters/abstract/connection_pool.rb:265:in `block in connection'
  /home/pavan/rubystack-2.0.0-18/ruby/lib/ruby/2.0.0/monitor.rb:211:in `mon_synchronize'
  activerecord (4.1.5) lib/active_record/connection_adapters/abstract/connection_pool.rb:264:in `connection'
  activerecord (4.1.5) lib/active_record/connection_adapters/abstract/connection_pool.rb:541:in `retrieve_connection'
  activerecord (4.1.5) lib/active_record/connection_handling.rb:113:in `retrieve_connection'
  activerecord (4.1.5) lib/active_record/connection_handling.rb:87:in `connection'
  activerecord (4.1.5) lib/active_record/query_cache.rb:51:in `restore_query_cache_settings'
  activerecord (4.1.5) lib/active_record/query_cache.rb:43:in `rescue in call'
  activerecord (4.1.5) lib/active_record/query_cache.rb:32:in `call'
  activerecord (4.1.5) lib/active_record/connection_adapters/abstract/connection_pool.rb:621:in `call'
  activerecord (4.1.5) lib/active_record/migration.rb:380:in `call'
  actionpack (4.1.5) lib/action_dispatch/middleware/callbacks.rb:29:in `block in call'
  activesupport (4.1.5) lib/active_support/callbacks.rb:82:in `run_callbacks'
  actionpack (4.1.5) lib/action_dispatch/middleware/callbacks.rb:27:in `call'
  actionpack (4.1.5) lib/action_dispatch/middleware/reloader.rb:73:in `call'
  actionpack (4.1.5) lib/action_dispatch/middleware/remote_ip.rb:76:in `call'
  actionpack (4.1.5) lib/action_dispatch/middleware/debug_exceptions.rb:17:in `call'
  actionpack (4.1.5) lib/action_dispatch/middleware/show_exceptions.rb:30:in `call'
  railties (4.1.5) lib/rails/rack/logger.rb:38:in `call_app'
  railties (4.1.5) lib/rails/rack/logger.rb:20:in `block in call'
  activesupport (4.1.5) lib/active_support/tagged_logging.rb:68:in `block in tagged'
  activesupport (4.1.5) lib/active_support/tagged_logging.rb:26:in `tagged'
  activesupport (4.1.5) lib/active_support/tagged_logging.rb:68:in `tagged'
  railties (4.1.5) lib/rails/rack/logger.rb:20:in `call'
  actionpack (4.1.5) lib/action_dispatch/middleware/request_id.rb:21:in `call'
  rack (1.5.2) lib/rack/methodoverride.rb:21:in `call'
  rack (1.5.2) lib/rack/runtime.rb:17:in `call'
  activesupport (4.1.5) lib/active_support/cache/strategy/local_cache_middleware.rb:26:in `call'
  rack (1.5.2) lib/rack/lock.rb:17:in `call'
  actionpack (4.1.5) lib/action_dispatch/middleware/static.rb:64:in `call'
  rack (1.5.2) lib/rack/sendfile.rb:112:in `call'
  railties (4.1.5) lib/rails/engine.rb:514:in `call'
  railties (4.1.5) lib/rails/application.rb:144:in `call'
  rack (1.5.2) lib/rack/lock.rb:17:in `call'
  rack (1.5.2) lib/rack/content_length.rb:14:in `call'
  rack (1.5.2) lib/rack/handler/webrick.rb:60:in `service'
  /home/pavan/rubystack-2.0.0-18/ruby/lib/ruby/2.0.0/webrick/httpserver.rb:138:in `service'
  /home/pavan/rubystack-2.0.0-18/ruby/lib/ruby/2.0.0/webrick/httpserver.rb:94:in `run'
  /home/pavan/rubystack-2.0.0-18/ruby/lib/ruby/2.0.0/webrick/server.rb:295:in `block in start_thread'


  Rendered /home/pavan/rubystack-2.0.0-18/ruby/lib/ruby/gems/2.0.0/gems/actionpack-4.1.5/lib/action_dispatch/middleware/templates/rescues/_source.erb (0.4ms)
  Rendered /home/pavan/rubystack-2.0.0-18/ruby/lib/ruby/gems/2.0.0/gems/actionpack-4.1.5/lib/action_dispatch/middleware/templates/rescues/_trace.html.erb (0.7ms)
  Rendered /home/pavan/rubystack-2.0.0-18/ruby/lib/ruby/gems/2.0.0/gems/actionpack-4.1.5/lib/action_dispatch/middleware/templates/rescues/_request_and_response.html.erb (0.5ms)
  Rendered /home/pavan/rubystack-2.0.0-18/ruby/lib/ruby/gems/2.0.0/gems/actionpack-4.1.5/lib/action_dispatch/middleware/templates/rescues/diagnostics.erb within rescues/layout (30.6ms)


Started GET "/" for 127.0.0.1 at 2014-09-15 09:58:24 -0400

PG::ConnectionBad (could not connect to server: Connection refused
	Is the server running on host "localhost" (127.0.0.1) and accepting
	TCP/IP connections on port 5432?
):
  activerecord (4.1.5) lib/active_record/connection_adapters/postgresql_adapter.rb:888:in `initialize'
  activerecord (4.1.5) lib/active_record/connection_adapters/postgresql_adapter.rb:888:in `new'
  activerecord (4.1.5) lib/active_record/connection_adapters/postgresql_adapter.rb:888:in `connect'
  activerecord (4.1.5) lib/active_record/connection_adapters/postgresql_adapter.rb:568:in `initialize'
  activerecord (4.1.5) lib/active_record/connection_adapters/postgresql_adapter.rb:41:in `new'
  activerecord (4.1.5) lib/active_record/connection_adapters/postgresql_adapter.rb:41:in `postgresql_connection'
  activerecord (4.1.5) lib/active_record/connection_adapters/abstract/connection_pool.rb:435:in `new_connection'
  activerecord (4.1.5) lib/active_record/connection_adapters/abstract/connection_pool.rb:445:in `checkout_new_connection'
  activerecord (4.1.5) lib/active_record/connection_adapters/abstract/connection_pool.rb:416:in `acquire_connection'
  activerecord (4.1.5) lib/active_record/connection_adapters/abstract/connection_pool.rb:351:in `block in checkout'
  /home/pavan/rubystack-2.0.0-18/ruby/lib/ruby/2.0.0/monitor.rb:211:in `mon_synchronize'
  activerecord (4.1.5) lib/active_record/connection_adapters/abstract/connection_pool.rb:350:in `checkout'
  activerecord (4.1.5) lib/active_record/connection_adapters/abstract/connection_pool.rb:265:in `block in connection'
  /home/pavan/rubystack-2.0.0-18/ruby/lib/ruby/2.0.0/monitor.rb:211:in `mon_synchronize'
  activerecord (4.1.5) lib/active_record/connection_adapters/abstract/connection_pool.rb:264:in `connection'
  activerecord (4.1.5) lib/active_record/connection_adapters/abstract/connection_pool.rb:541:in `retrieve_connection'
  activerecord (4.1.5) lib/active_record/connection_handling.rb:113:in `retrieve_connection'
  activerecord (4.1.5) lib/active_record/connection_handling.rb:87:in `connection'
  activerecord (4.1.5) lib/active_record/query_cache.rb:51:in `restore_query_cache_settings'
  activerecord (4.1.5) lib/active_record/query_cache.rb:43:in `rescue in call'
  activerecord (4.1.5) lib/active_record/query_cache.rb:32:in `call'
  activerecord (4.1.5) lib/active_record/connection_adapters/abstract/connection_pool.rb:621:in `call'
  activerecord (4.1.5) lib/active_record/migration.rb:380:in `call'
  actionpack (4.1.5) lib/action_dispatch/middleware/callbacks.rb:29:in `block in call'
  activesupport (4.1.5) lib/active_support/callbacks.rb:82:in `run_callbacks'
  actionpack (4.1.5) lib/action_dispatch/middleware/callbacks.rb:27:in `call'
  actionpack (4.1.5) lib/action_dispatch/middleware/reloader.rb:73:in `call'
  actionpack (4.1.5) lib/action_dispatch/middleware/remote_ip.rb:76:in `call'
  actionpack (4.1.5) lib/action_dispatch/middleware/debug_exceptions.rb:17:in `call'
  actionpack (4.1.5) lib/action_dispatch/middleware/show_exceptions.rb:30:in `call'
  railties (4.1.5) lib/rails/rack/logger.rb:38:in `call_app'
  railties (4.1.5) lib/rails/rack/logger.rb:20:in `block in call'
  activesupport (4.1.5) lib/active_support/tagged_logging.rb:68:in `block in tagged'
  activesupport (4.1.5) lib/active_support/tagged_logging.rb:26:in `tagged'
  activesupport (4.1.5) lib/active_support/tagged_logging.rb:68:in `tagged'
  railties (4.1.5) lib/rails/rack/logger.rb:20:in `call'
  actionpack (4.1.5) lib/action_dispatch/middleware/request_id.rb:21:in `call'
  rack (1.5.2) lib/rack/methodoverride.rb:21:in `call'
  rack (1.5.2) lib/rack/runtime.rb:17:in `call'
  activesupport (4.1.5) lib/active_support/cache/strategy/local_cache_middleware.rb:26:in `call'
  rack (1.5.2) lib/rack/lock.rb:17:in `call'
  actionpack (4.1.5) lib/action_dispatch/middleware/static.rb:64:in `call'
  rack (1.5.2) lib/rack/sendfile.rb:112:in `call'
  railties (4.1.5) lib/rails/engine.rb:514:in `call'
  railties (4.1.5) lib/rails/application.rb:144:in `call'
  rack (1.5.2) lib/rack/lock.rb:17:in `call'
  rack (1.5.2) lib/rack/content_length.rb:14:in `call'
  rack (1.5.2) lib/rack/handler/webrick.rb:60:in `service'
  /home/pavan/rubystack-2.0.0-18/ruby/lib/ruby/2.0.0/webrick/httpserver.rb:138:in `service'
  /home/pavan/rubystack-2.0.0-18/ruby/lib/ruby/2.0.0/webrick/httpserver.rb:94:in `run'
  /home/pavan/rubystack-2.0.0-18/ruby/lib/ruby/2.0.0/webrick/server.rb:295:in `block in start_thread'


  Rendered /home/pavan/rubystack-2.0.0-18/ruby/lib/ruby/gems/2.0.0/gems/actionpack-4.1.5/lib/action_dispatch/middleware/templates/rescues/_source.erb (0.4ms)
  Rendered /home/pavan/rubystack-2.0.0-18/ruby/lib/ruby/gems/2.0.0/gems/actionpack-4.1.5/lib/action_dispatch/middleware/templates/rescues/_trace.html.erb (0.8ms)
  Rendered /home/pavan/rubystack-2.0.0-18/ruby/lib/ruby/gems/2.0.0/gems/actionpack-4.1.5/lib/action_dispatch/middleware/templates/rescues/_request_and_response.html.erb (0.6ms)
  Rendered /home/pavan/rubystack-2.0.0-18/ruby/lib/ruby/gems/2.0.0/gems/actionpack-4.1.5/lib/action_dispatch/middleware/templates/rescues/diagnostics.erb within rescues/layout (36.3ms)


Started GET "/" for 127.0.0.1 at 2014-09-15 10:03:04 -0400
Processing by HomeController#index as HTML
  Rendered home/index.html.erb within layouts/application (0.8ms)
Completed 200 OK in 399ms (Views: 388.0ms | ActiveRecord: 0.0ms)


Started GET "/assets/home.css?body=1" for 127.0.0.1 at 2014-09-15 10:03:05 -0400


Started GET "/assets/bootstrap-sass-official/assets/stylesheets/_bootstrap.css?body=1" for 127.0.0.1 at 2014-09-15 10:03:05 -0400


Started GET "/assets/application.css?body=1" for 127.0.0.1 at 2014-09-15 10:03:05 -0400


Started GET "/assets/jquery.js?body=1" for 127.0.0.1 at 2014-09-15 10:03:05 -0400


Started GET "/assets/jquery_ujs.js?body=1" for 127.0.0.1 at 2014-09-15 10:03:05 -0400


Started GET "/assets/home.js?body=1" for 127.0.0.1 at 2014-09-15 10:03:05 -0400


Started GET "/assets/angular/angular.js?body=1" for 127.0.0.1 at 2014-09-15 10:03:05 -0400


Started GET "/assets/app.js?body=1" for 127.0.0.1 at 2014-09-15 10:03:05 -0400


Started GET "/assets/application.js?body=1" for 127.0.0.1 at 2014-09-15 10:03:05 -0400


Started GET "/" for 127.0.0.1 at 2014-09-15 10:03:26 -0400
Processing by HomeController#index as HTML
  Rendered home/index.html.erb within layouts/application (0.0ms)
Completed 200 OK in 54ms (Views: 53.2ms | ActiveRecord: 0.0ms)


Started GET "/assets/home.css?body=1" for 127.0.0.1 at 2014-09-15 10:03:26 -0400


Started GET "/assets/bootstrap-sass-official/assets/stylesheets/_bootstrap.css?body=1" for 127.0.0.1 at 2014-09-15 10:03:26 -0400


Started GET "/assets/jquery_ujs.js?body=1" for 127.0.0.1 at 2014-09-15 10:03:26 -0400


Started GET "/assets/application.css?body=1" for 127.0.0.1 at 2014-09-15 10:03:26 -0400


Started GET "/assets/home.js?body=1" for 127.0.0.1 at 2014-09-15 10:03:26 -0400


Started GET "/assets/app.js?body=1" for 127.0.0.1 at 2014-09-15 10:03:26 -0400


Started GET "/assets/angular/angular.js?body=1" for 127.0.0.1 at 2014-09-15 10:03:26 -0400


Started GET "/assets/application.js?body=1" for 127.0.0.1 at 2014-09-15 10:03:26 -0400


Started GET "/assets/jquery.js?body=1" for 127.0.0.1 at 2014-09-15 10:03:26 -0400


Started GET "/" for 127.0.0.1 at 2014-09-15 10:03:33 -0400
Processing by HomeController#index as HTML
  Rendered home/index.html.erb within layouts/application (0.0ms)
Completed 200 OK in 58ms (Views: 57.8ms | ActiveRecord: 0.0ms)


Started GET "/assets/home.css?body=1" for 127.0.0.1 at 2014-09-15 10:03:34 -0400


Started GET "/assets/jquery_ujs.js?body=1" for 127.0.0.1 at 2014-09-15 10:03:34 -0400


Started GET "/assets/bootstrap-sass-official/assets/stylesheets/_bootstrap.css?body=1" for 127.0.0.1 at 2014-09-15 10:03:34 -0400


Started GET "/assets/application.css?body=1" for 127.0.0.1 at 2014-09-15 10:03:34 -0400


Started GET "/assets/jquery.js?body=1" for 127.0.0.1 at 2014-09-15 10:03:34 -0400


Started GET "/assets/angular/angular.js?body=1" for 127.0.0.1 at 2014-09-15 10:03:34 -0400


Started GET "/assets/app.js?body=1" for 127.0.0.1 at 2014-09-15 10:03:34 -0400


Started GET "/assets/home.js?body=1" for 127.0.0.1 at 2014-09-15 10:03:34 -0400


Started GET "/assets/application.js?body=1" for 127.0.0.1 at 2014-09-15 10:03:34 -0400


Started GET "/" for 127.0.0.1 at 2014-09-15 10:04:18 -0400
Processing by HomeController#index as HTML
  Rendered home/index.html.erb within layouts/application (0.0ms)
Completed 200 OK in 48ms (Views: 47.8ms | ActiveRecord: 0.0ms)


Started GET "/assets/home.css?body=1" for 127.0.0.1 at 2014-09-15 10:04:18 -0400


Started GET "/assets/bootstrap-sass-official/assets/stylesheets/_bootstrap.css?body=1" for 127.0.0.1 at 2014-09-15 10:04:18 -0400


Started GET "/assets/application.css?body=1" for 127.0.0.1 at 2014-09-15 10:04:18 -0400


Started GET "/assets/jquery.js?body=1" for 127.0.0.1 at 2014-09-15 10:04:18 -0400


Started GET "/assets/jquery_ujs.js?body=1" for 127.0.0.1 at 2014-09-15 10:04:18 -0400


Started GET "/assets/angular/angular.js?body=1" for 127.0.0.1 at 2014-09-15 10:04:18 -0400


Started GET "/assets/app.js?body=1" for 127.0.0.1 at 2014-09-15 10:04:18 -0400


Started GET "/assets/home.js?body=1" for 127.0.0.1 at 2014-09-15 10:04:18 -0400


Started GET "/assets/application.js?body=1" for 127.0.0.1 at 2014-09-15 10:04:18 -0400


Started GET "/" for 127.0.0.1 at 2014-09-15 10:04:58 -0400
Processing by HomeController#index as HTML
  Rendered home/index.html.erb within layouts/application (0.3ms)
Completed 200 OK in 122ms (Views: 122.0ms | ActiveRecord: 0.0ms)


Started GET "/assets/home.css?body=1" for 127.0.0.1 at 2014-09-15 10:04:58 -0400


Started GET "/assets/bootstrap-sass-official/assets/stylesheets/_bootstrap.css?body=1" for 127.0.0.1 at 2014-09-15 10:04:58 -0400


Started GET "/assets/application.css?body=1" for 127.0.0.1 at 2014-09-15 10:04:58 -0400


Started GET "/assets/jquery.js?body=1" for 127.0.0.1 at 2014-09-15 10:04:58 -0400


Started GET "/assets/jquery_ujs.js?body=1" for 127.0.0.1 at 2014-09-15 10:04:58 -0400


Started GET "/assets/angular/angular.js?body=1" for 127.0.0.1 at 2014-09-15 10:04:58 -0400


Started GET "/assets/app.js?body=1" for 127.0.0.1 at 2014-09-15 10:04:58 -0400


Started GET "/assets/home.js?body=1" for 127.0.0.1 at 2014-09-15 10:04:58 -0400


Started GET "/assets/application.js?body=1" for 127.0.0.1 at 2014-09-15 10:04:58 -0400


Started GET "/" for 127.0.0.1 at 2014-09-15 10:05:09 -0400
Processing by HomeController#index as HTML
  Rendered home/index.html.erb within layouts/application (0.2ms)
Completed 200 OK in 53ms (Views: 52.4ms | ActiveRecord: 0.0ms)


Started GET "/assets/home.css?body=1" for 127.0.0.1 at 2014-09-15 10:05:09 -0400


Started GET "/assets/bootstrap-sass-official/assets/stylesheets/_bootstrap.css?body=1" for 127.0.0.1 at 2014-09-15 10:05:09 -0400


Started GET "/assets/application.css?body=1" for 127.0.0.1 at 2014-09-15 10:05:09 -0400


Started GET "/assets/jquery.js?body=1" for 127.0.0.1 at 2014-09-15 10:05:09 -0400


Started GET "/assets/jquery_ujs.js?body=1" for 127.0.0.1 at 2014-09-15 10:05:09 -0400


Started GET "/assets/angular/angular.js?body=1" for 127.0.0.1 at 2014-09-15 10:05:09 -0400


Started GET "/assets/app.js?body=1" for 127.0.0.1 at 2014-09-15 10:05:09 -0400


Started GET "/assets/home.js?body=1" for 127.0.0.1 at 2014-09-15 10:05:09 -0400


Started GET "/assets/application.js?body=1" for 127.0.0.1 at 2014-09-15 10:05:09 -0400


Started GET "/" for 127.0.0.1 at 2014-09-15 10:05:37 -0400
Processing by HomeController#index as HTML
  Rendered home/index.html.erb within layouts/application (0.1ms)
Completed 200 OK in 55ms (Views: 54.2ms | ActiveRecord: 0.0ms)


Started GET "/assets/home.css?body=1" for 127.0.0.1 at 2014-09-15 10:05:37 -0400


Started GET "/assets/bootstrap-sass-official/assets/stylesheets/_bootstrap.css?body=1" for 127.0.0.1 at 2014-09-15 10:05:37 -0400


Started GET "/assets/application.css?body=1" for 127.0.0.1 at 2014-09-15 10:05:37 -0400


Started GET "/assets/jquery.js?body=1" for 127.0.0.1 at 2014-09-15 10:05:37 -0400


Started GET "/assets/jquery_ujs.js?body=1" for 127.0.0.1 at 2014-09-15 10:05:37 -0400


Started GET "/assets/angular/angular.js?body=1" for 127.0.0.1 at 2014-09-15 10:05:37 -0400


Started GET "/assets/app.js?body=1" for 127.0.0.1 at 2014-09-15 10:05:37 -0400


Started GET "/assets/home.js?body=1" for 127.0.0.1 at 2014-09-15 10:05:37 -0400


Started GET "/assets/application.js?body=1" for 127.0.0.1 at 2014-09-15 10:05:37 -0400


Started GET "/" for 127.0.0.1 at 2014-09-15 10:05:48 -0400
Processing by HomeController#index as HTML
  Rendered home/index.html.erb within layouts/application (68.9ms)
Completed 200 OK in 134ms (Views: 134.1ms | ActiveRecord: 0.0ms)


Started GET "/assets/home.css?body=1" for 127.0.0.1 at 2014-09-15 10:05:48 -0400


Started GET "/assets/bootstrap-sass-official/assets/stylesheets/_bootstrap.css?body=1" for 127.0.0.1 at 2014-09-15 10:05:48 -0400


Started GET "/assets/application.css?body=1" for 127.0.0.1 at 2014-09-15 10:05:48 -0400


Started GET "/assets/jquery.js?body=1" for 127.0.0.1 at 2014-09-15 10:05:48 -0400


Started GET "/assets/jquery_ujs.js?body=1" for 127.0.0.1 at 2014-09-15 10:05:48 -0400


Started GET "/assets/angular/angular.js?body=1" for 127.0.0.1 at 2014-09-15 10:05:48 -0400


Started GET "/assets/app.js?body=1" for 127.0.0.1 at 2014-09-15 10:05:48 -0400


Started GET "/assets/home.js?body=1" for 127.0.0.1 at 2014-09-15 10:05:48 -0400


Started GET "/assets/application.js?body=1" for 127.0.0.1 at 2014-09-15 10:05:48 -0400


Started GET "/" for 127.0.0.1 at 2014-09-15 10:06:00 -0400
Processing by HomeController#index as HTML
  Rendered home/index.html.erb within layouts/application (0.3ms)
Completed 200 OK in 50ms (Views: 49.3ms | ActiveRecord: 0.0ms)


Started GET "/assets/home.css?body=1" for 127.0.0.1 at 2014-09-15 10:06:00 -0400


Started GET "/assets/bootstrap-sass-official/assets/stylesheets/_bootstrap.css?body=1" for 127.0.0.1 at 2014-09-15 10:06:00 -0400


Started GET "/assets/application.css?body=1" for 127.0.0.1 at 2014-09-15 10:06:00 -0400


Started GET "/assets/jquery.js?body=1" for 127.0.0.1 at 2014-09-15 10:06:00 -0400


Started GET "/assets/jquery_ujs.js?body=1" for 127.0.0.1 at 2014-09-15 10:06:00 -0400


Started GET "/assets/angular/angular.js?body=1" for 127.0.0.1 at 2014-09-15 10:06:00 -0400


Started GET "/assets/app.js?body=1" for 127.0.0.1 at 2014-09-15 10:06:00 -0400


Started GET "/assets/home.js?body=1" for 127.0.0.1 at 2014-09-15 10:06:00 -0400


Started GET "/assets/application.js?body=1" for 127.0.0.1 at 2014-09-15 10:06:00 -0400


Started GET "/" for 127.0.0.1 at 2014-09-15 10:06:41 -0400
Processing by HomeController#index as HTML
  Rendered home/index.html.erb within layouts/application (0.2ms)
Completed 200 OK in 161ms (Views: 160.4ms | ActiveRecord: 0.0ms)


Started GET "/assets/home.css?body=1" for 127.0.0.1 at 2014-09-15 10:06:41 -0400


Started GET "/assets/bootstrap-sass-official/assets/stylesheets/_bootstrap.css?body=1" for 127.0.0.1 at 2014-09-15 10:06:41 -0400


Started GET "/assets/application.css?body=1" for 127.0.0.1 at 2014-09-15 10:06:41 -0400


Started GET "/assets/jquery.js?body=1" for 127.0.0.1 at 2014-09-15 10:06:41 -0400


Started GET "/assets/jquery_ujs.js?body=1" for 127.0.0.1 at 2014-09-15 10:06:41 -0400


Started GET "/assets/angular/angular.js?body=1" for 127.0.0.1 at 2014-09-15 10:06:41 -0400


Started GET "/assets/app.js?body=1" for 127.0.0.1 at 2014-09-15 10:06:41 -0400


Started GET "/assets/home.js?body=1" for 127.0.0.1 at 2014-09-15 10:06:41 -0400


Started GET "/assets/application.js?body=1" for 127.0.0.1 at 2014-09-15 10:06:41 -0400


Started GET "/" for 127.0.0.1 at 2014-09-15 18:38:51 -0400
Processing by HomeController#index as HTML
  Rendered home/index.html.erb within layouts/application (0.0ms)
Completed 200 OK in 177ms (Views: 176.9ms | ActiveRecord: 0.0ms)


Started GET "/assets/home.css?body=1" for 127.0.0.1 at 2014-09-15 18:38:51 -0400


Started GET "/assets/bootstrap-sass-official/assets/stylesheets/_bootstrap.css?body=1" for 127.0.0.1 at 2014-09-15 18:38:51 -0400


Started GET "/assets/application.css?body=1" for 127.0.0.1 at 2014-09-15 18:38:51 -0400


Started GET "/assets/jquery.js?body=1" for 127.0.0.1 at 2014-09-15 18:38:51 -0400


Started GET "/assets/jquery_ujs.js?body=1" for 127.0.0.1 at 2014-09-15 18:38:51 -0400


Started GET "/assets/angular/angular.js?body=1" for 127.0.0.1 at 2014-09-15 18:38:51 -0400


Started GET "/assets/app.js?body=1" for 127.0.0.1 at 2014-09-15 18:38:51 -0400


Started GET "/assets/home.js?body=1" for 127.0.0.1 at 2014-09-15 18:38:51 -0400


Started GET "/assets/application.js?body=1" for 127.0.0.1 at 2014-09-15 18:38:51 -0400


Started GET "/" for 127.0.0.1 at 2014-09-15 19:07:22 -0400
Processing by HomeController#index as HTML
  Rendered home/index.html.erb within layouts/application (0.7ms)
Completed 200 OK in 3192ms (Views: 3180.6ms | ActiveRecord: 0.0ms)


Started GET "/assets/home.css?body=1" for 127.0.0.1 at 2014-09-15 19:07:26 -0400


Started GET "/assets/jquery.js?body=1" for 127.0.0.1 at 2014-09-15 19:07:26 -0400


Started GET "/assets/bootstrap-sass-official/assets/stylesheets/_bootstrap.css?body=1" for 127.0.0.1 at 2014-09-15 19:07:26 -0400


Started GET "/assets/application.css?body=1" for 127.0.0.1 at 2014-09-15 19:07:26 -0400


Started GET "/assets/angular-route/angular-route.js?body=1" for 127.0.0.1 at 2014-09-15 19:07:26 -0400


Started GET "/assets/angular/angular.js?body=1" for 127.0.0.1 at 2014-09-15 19:07:26 -0400


Started GET "/assets/jquery_ujs.js?body=1" for 127.0.0.1 at 2014-09-15 19:07:26 -0400


Started GET "/assets/angular-rails-templates.js?body=1" for 127.0.0.1 at 2014-09-15 19:07:26 -0400


Started GET "/assets/app.js?body=1" for 127.0.0.1 at 2014-09-15 19:07:26 -0400


Started GET "/assets/home.js?body=1" for 127.0.0.1 at 2014-09-15 19:07:26 -0400


Started GET "/assets/templates/index.js?body=1" for 127.0.0.1 at 2014-09-15 19:07:26 -0400


Started GET "/assets/application.js?body=1" for 127.0.0.1 at 2014-09-15 19:07:26 -0400


Started GET "/" for 127.0.0.1 at 2014-09-15 19:32:06 -0400
Processing by HomeController#index as HTML
  Rendered home/index.html.erb within layouts/application (0.0ms)
Completed 200 OK in 508ms (Views: 507.0ms | ActiveRecord: 0.0ms)


Started GET "/assets/home.css?body=1" for 127.0.0.1 at 2014-09-15 19:32:07 -0400


Started GET "/assets/bootstrap-sass-official/assets/stylesheets/_bootstrap.css?body=1" for 127.0.0.1 at 2014-09-15 19:32:07 -0400


Started GET "/assets/application.css?body=1" for 127.0.0.1 at 2014-09-15 19:32:07 -0400


Started GET "/assets/jquery.js?body=1" for 127.0.0.1 at 2014-09-15 19:32:07 -0400


Started GET "/assets/jquery_ujs.js?body=1" for 127.0.0.1 at 2014-09-15 19:32:07 -0400


Started GET "/assets/angular/angular.js?body=1" for 127.0.0.1 at 2014-09-15 19:32:07 -0400


Started GET "/assets/angular-route/angular-route.js?body=1" for 127.0.0.1 at 2014-09-15 19:32:07 -0400


Started GET "/assets/angular-rails-templates.js?body=1" for 127.0.0.1 at 2014-09-15 19:32:07 -0400


Started GET "/assets/app.js?body=1" for 127.0.0.1 at 2014-09-15 19:32:07 -0400


Started GET "/assets/home.js?body=1" for 127.0.0.1 at 2014-09-15 19:32:07 -0400


Started GET "/assets/application.js?body=1" for 127.0.0.1 at 2014-09-15 19:32:07 -0400


Started GET "/assets/templates/index.js?body=1" for 127.0.0.1 at 2014-09-15 19:32:07 -0400


Started GET "/" for 127.0.0.1 at 2014-09-15 20:08:55 -0400
Processing by HomeController#index as HTML
  Rendered home/index.html.erb within layouts/application (0.7ms)
Completed 200 OK in 433ms (Views: 421.7ms | ActiveRecord: 0.0ms)


Started GET "/assets/home.css?body=1" for 127.0.0.1 at 2014-09-15 20:08:56 -0400


Started GET "/assets/bootstrap-sass-official/assets/stylesheets/_bootstrap.css?body=1" for 127.0.0.1 at 2014-09-15 20:08:56 -0400


Started GET "/assets/jquery.js?body=1" for 127.0.0.1 at 2014-09-15 20:08:56 -0400


Started GET "/assets/application.css?body=1" for 127.0.0.1 at 2014-09-15 20:08:56 -0400


Started GET "/assets/jquery_ujs.js?body=1" for 127.0.0.1 at 2014-09-15 20:08:56 -0400


Started GET "/assets/angular-rails-templates.js?body=1" for 127.0.0.1 at 2014-09-15 20:08:56 -0400


Started GET "/assets/angular-route/angular-route.js?body=1" for 127.0.0.1 at 2014-09-15 20:08:56 -0400


Started GET "/assets/angular/angular.js?body=1" for 127.0.0.1 at 2014-09-15 20:08:56 -0400


Started GET "/assets/app.js?body=1" for 127.0.0.1 at 2014-09-15 20:08:56 -0400


Started GET "/assets/application.js?body=1" for 127.0.0.1 at 2014-09-15 20:08:56 -0400


Started GET "/assets/home.js?body=1" for 127.0.0.1 at 2014-09-15 20:08:56 -0400


Started GET "/assets/templates/index.js?body=1" for 127.0.0.1 at 2014-09-15 20:08:56 -0400
